<?xml version="1.0" encoding="UTF-8"?>
<!-- Generated by org.testng.reporters.JUnitReportReporter -->
<testsuite hostname="DESKTOP-QNHJ5Q7" name="iFrameExample.SwitchModel" tests="1" failures="0" timestamp="2 Dec 2022 10:04:30 GMT" time="9.217" errors="0">
  <testcase name="switchModel" time="9.217" classname="iFrameExample.SwitchModel"/>
</testsuite> <!-- iFrameExample.SwitchModel -->
