<?xml version="1.0" encoding="UTF-8"?>
<!-- Generated by org.testng.reporters.JUnitReportReporter -->
<testsuite hostname="DESKTOP-QNHJ5Q7" name="testNG.HandleDropdown" tests="2" failures="0" timestamp="30 Nov 2022 09:31:29 GMT" time="11.082" errors="0">
  <testcase name="verifyList" time="7.743" classname="testNG.HandleDropdown"/>
  <testcase name="verifyList2" time="3.339" classname="testNG.HandleDropdown"/>
</testsuite> <!-- testNG.HandleDropdown -->
