<?xml version="1.0" encoding="UTF-8"?>
<!-- Generated by org.testng.reporters.JUnitReportReporter -->
<testsuite hostname="DESKTOP-QNHJ5Q7" name="iFrameExample.DoubleClickRightClick" tests="2" failures="0" timestamp="5 Dec 2022 08:41:30 GMT" time="10.554" errors="0">
  <testcase name="DoubleClickTest" time="5.265" classname="iFrameExample.DoubleClickRightClick"/>
  <testcase name="RightClickTest" time="5.289" classname="iFrameExample.DoubleClickRightClick"/>
</testsuite> <!-- iFrameExample.DoubleClickRightClick -->
