<?xml version="1.0" encoding="UTF-8"?>
<!-- Generated by org.testng.reporters.JUnitReportReporter -->
<testsuite hostname="DESKTOP-QNHJ5Q7" name="iFrameExample.DragAndDrop" tests="1" failures="0" timestamp="2 Dec 2022 11:16:19 GMT" time="4.869" errors="0">
  <testcase name="dragdrop" time="4.869" classname="iFrameExample.DragAndDrop"/>
</testsuite> <!-- iFrameExample.DragAndDrop -->
