<?xml version="1.0" encoding="UTF-8"?>
<!-- Generated by org.testng.reporters.JUnitReportReporter -->
<testsuite hostname="DESKTOP-QNHJ5Q7" name="testNG.AmazonLogin" tests="4" failures="0" timestamp="30 Nov 2022 09:29:20 GMT" time="0.010" errors="0">
  <testcase name="login" time="0.007" classname="testNG.AmazonLogin"/>
  <testcase name="logout" time="0.001" classname="testNG.AmazonLogin"/>
  <testcase name="payment" time="0.002" classname="testNG.AmazonLogin"/>
  <testcase name="addItems" time="0.000" classname="testNG.AmazonLogin"/>
</testsuite> <!-- testNG.AmazonLogin -->
