<?xml version="1.0" encoding="UTF-8"?>
<!-- Generated by org.testng.reporters.JUnitReportReporter -->
<testsuite hostname="DESKTOP-QNHJ5Q7" name="ddtExample.NopCom" tests="4" failures="0" timestamp="7 Dec 2022 09:50:08 GMT" time="39.697" errors="0">
  <testcase name="verifyLoginFeatureWithInValid" time="9.707" classname="ddtExample.NopCom"/>
  <testcase name="verifyLoginFeatureWithInValid" time="10.335" classname="ddtExample.NopCom"/>
  <testcase name="verifyLoginFeatureWithInValid" time="9.976" classname="ddtExample.NopCom"/>
  <testcase name="verifyLoginFeatureWithInValid" time="9.679" classname="ddtExample.NopCom"/>
</testsuite> <!-- ddtExample.NopCom -->
