<?xml version="1.0" encoding="UTF-8"?>
<!-- Generated by org.testng.reporters.JUnitReportReporter -->
<testsuite hostname="DESKTOP-QNHJ5Q7" name="iFrameExample.ScreenshotExample" tests="1" failures="0" timestamp="2 Dec 2022 11:16:54 GMT" time="4.281" errors="0">
  <testcase name="Screenshot" time="4.281" classname="iFrameExample.ScreenshotExample"/>
</testsuite> <!-- iFrameExample.ScreenshotExample -->
