<?xml version="1.0" encoding="UTF-8"?>
<!-- Generated by org.testng.reporters.JUnitReportReporter -->
<testsuite hostname="DESKTOP-QNHJ5Q7" name="testNG.HandleAlert" tests="3" failures="0" timestamp="30 Nov 2022 10:13:07 GMT" time="18.542" errors="0">
  <testcase name="verifySimpleAlert" time="6.133" classname="testNG.HandleAlert"/>
  <testcase name="verifyConfirmAlert" time="6.245" classname="testNG.HandleAlert"/>
  <testcase name="verifyPromptAlert" time="6.164" classname="testNG.HandleAlert"/>
</testsuite> <!-- testNG.HandleAlert -->
