<?xml version="1.0" encoding="UTF-8"?>
<!-- Generated by org.testng.reporters.JUnitReportReporter -->
<testsuite hostname="DESKTOP-QNHJ5Q7" name="nopHRMlogin.AmazonLogin" tests="1" failures="0" timestamp="29 Nov 2022 09:40:02 GMT" time="13.022" errors="0">
  <testcase name="Amazonlogin" time="13.022" classname="nopHRMlogin.AmazonLogin"/>
</testsuite> <!-- nopHRMlogin.AmazonLogin -->
