<?xml version="1.0" encoding="UTF-8"?>
<!-- Generated by org.testng.reporters.JUnitReportReporter -->
<testsuite hostname="DESKTOP-QNHJ5Q7" name="testNG.TestNGAnotationExample" tests="2" failures="0" timestamp="30 Nov 2022 10:35:16 GMT" time="0.006" errors="0">
  <testcase name="logout" time="0.000" classname="testNG.TestNGAnotationExample"/>
  <testcase name="login" time="0.006" classname="testNG.TestNGAnotationExample"/>
</testsuite> <!-- testNG.TestNGAnotationExample -->
