<?xml version="1.0" encoding="UTF-8"?>
<!-- Generated by org.testng.reporters.JUnitReportReporter -->
<testsuite hostname="DESKTOP-QNHJ5Q7" name="iFrameExample.IFrame_Ex" tests="1" failures="0" timestamp="2 Dec 2022 08:55:57 GMT" time="6.327" errors="0">
  <testcase name="verifypayTMAccount" time="6.327" classname="iFrameExample.IFrame_Ex"/>
</testsuite> <!-- iFrameExample.IFrame_Ex -->
