<?xml version="1.0" encoding="UTF-8"?>
<!-- Generated by org.testng.reporters.JUnitReportReporter -->
<testsuite hostname="DESKTOP-QNHJ5Q7" name="nopComm.LoginTest" tests="1" failures="0" timestamp="5 Dec 2022 09:23:04 GMT" time="34.686" errors="0">
  <testcase name="verifyLogin" time="34.686" classname="nopComm.LoginTest"/>
</testsuite> <!-- nopComm.LoginTest -->
