<?xml version="1.0" encoding="UTF-8"?>
<!-- Generated by org.testng.reporters.JUnitReportReporter -->
<testsuite hostname="DESKTOP-QNHJ5Q7" name="nopHRMlogin.NopCommerceLogin" tests="1" failures="0" timestamp="28 Nov 2022 11:19:07 GMT" time="24.541" errors="0">
  <testcase name="noplogin" time="24.541" classname="nopHRMlogin.NopCommerceLogin"/>
</testsuite> <!-- nopHRMlogin.NopCommerceLogin -->
