<?xml version="1.0" encoding="UTF-8"?>
<!-- Generated by org.testng.reporters.JUnitReportReporter -->
<testsuite hostname="DESKTOP-QNHJ5Q7" name="testNG.WaitForElementVisible" tests="1" failures="0" timestamp="5 Dec 2022 11:00:36 GMT" time="15.838" errors="0">
  <testcase name="enterValueTest" time="15.838" classname="testNG.WaitForElementVisible"/>
</testsuite> <!-- testNG.WaitForElementVisible -->
