<?xml version="1.0" encoding="UTF-8"?>
<!-- Generated by org.testng.reporters.JUnitReportReporter -->
<testsuite hostname="DESKTOP-QNHJ5Q7" failures="0" tests="2" name="nopComm.LoginTest" time="61.987" errors="0" timestamp="2022-12-08T03:07:43 PST" skipped="0">
  <testcase classname="nopComm.LoginTest" name="verifyLogin" time="30.090"/>
  <testcase classname="nopComm.LoginTest" name="verifyLogin" time="31.897"/>
</testsuite> <!-- nopComm.LoginTest -->
